c:\users\vantan\desktop\c++ 2月課題 比氣 聖斗\dungeonrpg\manageddxlgame\x64\release\vc143.pdb
c:\users\vantan\desktop\c++ 2月課題 比氣 聖斗\dungeonrpg\manageddxlgame\x64\release\dxlib_ext_mesh_triangle_right.obj
c:\users\vantan\desktop\c++ 2月課題 比氣 聖斗\dungeonrpg\manageddxlgame\x64\release\dxlib_ext_mesh_triangle_isosceles.obj
c:\users\vantan\desktop\c++ 2月課題 比氣 聖斗\dungeonrpg\manageddxlgame\x64\release\dxlib_ext_mesh_triangle_equilateral.obj
c:\users\vantan\desktop\c++ 2月課題 比氣 聖斗\dungeonrpg\manageddxlgame\x64\release\dxlib_ext_mesh_torus.obj
c:\users\vantan\desktop\c++ 2月課題 比氣 聖斗\dungeonrpg\manageddxlgame\x64\release\dxlib_ext_mesh_sphere.obj
c:\users\vantan\desktop\c++ 2月課題 比氣 聖斗\dungeonrpg\manageddxlgame\x64\release\dxlib_ext_mesh_plane.obj
c:\users\vantan\desktop\c++ 2月課題 比氣 聖斗\dungeonrpg\manageddxlgame\x64\release\dxlib_ext_mesh_obj.obj
c:\users\vantan\desktop\c++ 2月課題 比氣 聖斗\dungeonrpg\manageddxlgame\x64\release\dxlib_ext_mesh_hollow_out_disk_plane.obj
c:\users\vantan\desktop\c++ 2月課題 比氣 聖斗\dungeonrpg\manageddxlgame\x64\release\dxlib_ext_mesh_half_barrel.obj
c:\users\vantan\desktop\c++ 2月課題 比氣 聖斗\dungeonrpg\manageddxlgame\x64\release\dxlib_ext_mesh_from_height_map.obj
c:\users\vantan\desktop\c++ 2月課題 比氣 聖斗\dungeonrpg\manageddxlgame\x64\release\dxlib_ext_mesh_dome.obj
c:\users\vantan\desktop\c++ 2月課題 比氣 聖斗\dungeonrpg\manageddxlgame\x64\release\dxlib_ext_mesh_disk_ring.obj
c:\users\vantan\desktop\c++ 2月課題 比氣 聖斗\dungeonrpg\manageddxlgame\x64\release\dxlib_ext_mesh_disk.obj
c:\users\vantan\desktop\c++ 2月課題 比氣 聖斗\dungeonrpg\manageddxlgame\x64\release\dxlib_ext_mesh_cylinder.obj
c:\users\vantan\desktop\c++ 2月課題 比氣 聖斗\dungeonrpg\manageddxlgame\x64\release\dxlib_ext_mesh_cube.obj
c:\users\vantan\desktop\c++ 2月課題 比氣 聖斗\dungeonrpg\manageddxlgame\x64\release\dxlib_ext_mesh_cone_cylinder.obj
c:\users\vantan\desktop\c++ 2月課題 比氣 聖斗\dungeonrpg\manageddxlgame\x64\release\dxlib_ext_mesh_cone.obj
c:\users\vantan\desktop\c++ 2月課題 比氣 聖斗\dungeonrpg\manageddxlgame\x64\release\dxlib_ext_mesh_box.obj
c:\users\vantan\desktop\c++ 2月課題 比氣 聖斗\dungeonrpg\manageddxlgame\x64\release\dxlib_ext_mesh_barrel.obj
c:\users\vantan\desktop\c++ 2月課題 比氣 聖斗\dungeonrpg\manageddxlgame\x64\release\manageddxlgame.obj
c:\users\vantan\desktop\c++ 2月課題 比氣 聖斗\dungeonrpg\manageddxlgame\x64\release\gm_main.obj
c:\users\vantan\desktop\c++ 2月課題 比氣 聖斗\dungeonrpg\manageddxlgame\x64\release\gamemanager.obj
c:\users\vantan\desktop\c++ 2月課題 比氣 聖斗\dungeonrpg\manageddxlgame\x64\release\fadecontrol.obj
c:\users\vantan\desktop\c++ 2月課題 比氣 聖斗\dungeonrpg\manageddxlgame\x64\release\factory.obj
c:\users\vantan\desktop\c++ 2月課題 比氣 聖斗\dungeonrpg\manageddxlgame\x64\release\enemymanager.obj
c:\users\vantan\desktop\c++ 2月課題 比氣 聖斗\dungeonrpg\manageddxlgame\x64\release\enemy.obj
c:\users\vantan\desktop\c++ 2月課題 比氣 聖斗\dungeonrpg\manageddxlgame\x64\release\effectmanager.obj
c:\users\vantan\desktop\c++ 2月課題 比氣 聖斗\dungeonrpg\manageddxlgame\x64\release\dungeonscene.obj
c:\users\vantan\desktop\c++ 2月課題 比氣 聖斗\dungeonrpg\manageddxlgame\x64\release\debug.obj
c:\users\vantan\desktop\c++ 2月課題 比氣 聖斗\dungeonrpg\manageddxlgame\x64\release\collision.obj
c:\users\vantan\desktop\c++ 2月課題 比氣 聖斗\dungeonrpg\manageddxlgame\x64\release\character.obj
c:\users\vantan\desktop\c++ 2月課題 比氣 聖斗\dungeonrpg\manageddxlgame\x64\release\objloader.obj
c:\users\vantan\desktop\c++ 2月課題 比氣 聖斗\dungeonrpg\manageddxlgame\x64\release\dxlib_ext_texture.obj
c:\users\vantan\desktop\c++ 2月課題 比氣 聖斗\dungeonrpg\manageddxlgame\x64\release\dxlib_ext_shadow_map.obj
c:\users\vantan\desktop\c++ 2月課題 比氣 聖斗\dungeonrpg\manageddxlgame\x64\release\dxlib_ext_mesh_mtrl_gui_controller.obj
c:\users\vantan\desktop\c++ 2月課題 比氣 聖斗\dungeonrpg\manageddxlgame\x64\release\dxlib_ext_mesh.obj
c:\users\vantan\desktop\c++ 2月課題 比氣 聖斗\dungeonrpg\manageddxlgame\x64\release\dxlib_ext_gui_menu_selector.obj
c:\users\vantan\desktop\c++ 2月課題 比氣 聖斗\dungeonrpg\manageddxlgame\x64\release\dxlib_ext_data.obj
c:\users\vantan\desktop\c++ 2月課題 比氣 聖斗\dungeonrpg\manageddxlgame\x64\release\dxlib_ext_camera.obj
c:\users\vantan\desktop\c++ 2月課題 比氣 聖斗\dungeonrpg\manageddxlgame\x64\release\dxlib_ext.obj
c:\users\vantan\desktop\c++ 2月課題 比氣 聖斗\dungeonrpg\manageddxlgame\x64\release\stetus.obj
c:\users\vantan\desktop\c++ 2月課題 比氣 聖斗\dungeonrpg\manageddxlgame\x64\release\soundmanager.obj
c:\users\vantan\desktop\c++ 2月課題 比氣 聖斗\dungeonrpg\manageddxlgame\x64\release\skillmanager.obj
c:\users\vantan\desktop\c++ 2月課題 比氣 聖斗\dungeonrpg\manageddxlgame\x64\release\skill.obj
c:\users\vantan\desktop\c++ 2月課題 比氣 聖斗\dungeonrpg\manageddxlgame\x64\release\scenetitle.obj
c:\users\vantan\desktop\c++ 2月課題 比氣 聖斗\dungeonrpg\manageddxlgame\x64\release\scenestartmap.obj
c:\users\vantan\desktop\c++ 2月課題 比氣 聖斗\dungeonrpg\manageddxlgame\x64\release\sceneplay.obj
c:\users\vantan\desktop\c++ 2月課題 比氣 聖斗\dungeonrpg\manageddxlgame\x64\release\scenemanager.obj
c:\users\vantan\desktop\c++ 2月課題 比氣 聖斗\dungeonrpg\manageddxlgame\x64\release\sceneend.obj
c:\users\vantan\desktop\c++ 2月課題 比氣 聖斗\dungeonrpg\manageddxlgame\x64\release\scenebase.obj
c:\users\vantan\desktop\c++ 2月課題 比氣 聖斗\dungeonrpg\manageddxlgame\x64\release\resourcemanager.obj
c:\users\vantan\desktop\c++ 2月課題 比氣 聖斗\dungeonrpg\manageddxlgame\x64\release\player.obj
c:\users\vantan\desktop\c++ 2月課題 比氣 聖斗\dungeonrpg\manageddxlgame\x64\release\objectmanager.obj
c:\users\vantan\desktop\c++ 2月課題 比氣 聖斗\dungeonrpg\manageddxlgame\x64\release\object.obj
c:\users\vantan\desktop\c++ 2月課題 比氣 聖斗\dungeonrpg\manageddxlgame\x64\release\mycamera.obj
c:\users\vantan\desktop\c++ 2月課題 比氣 聖斗\dungeonrpg\manageddxlgame\x64\release\mapmanager.obj
c:\users\vantan\desktop\c++ 2月課題 比氣 聖斗\dungeonrpg\manageddxlgame\x64\release\mapchip.obj
c:\users\vantan\desktop\c++ 2月課題 比氣 聖斗\dungeonrpg\manageddxlgame\x64\release\itemmanager.obj
c:\users\vantan\desktop\c++ 2月課題 比氣 聖斗\dungeonrpg\manageddxlgame\x64\release\item.obj
c:\users\vantan\desktop\c++ 2月課題 比氣 聖斗\dungeonrpg\manageddxlgame\x64\release\inventory.obj
c:\users\vantan\desktop\c++ 2月課題 比氣 聖斗\dungeonrpg\manageddxlgame\x64\release\tnl_vector3.obj
c:\users\vantan\desktop\c++ 2月課題 比氣 聖斗\dungeonrpg\manageddxlgame\x64\release\tnl_vector2i.obj
c:\users\vantan\desktop\c++ 2月課題 比氣 聖斗\dungeonrpg\manageddxlgame\x64\release\tnl_util.obj
c:\users\vantan\desktop\c++ 2月課題 比氣 聖斗\dungeonrpg\manageddxlgame\x64\release\tnl_seek_unit.obj
c:\users\vantan\desktop\c++ 2月課題 比氣 聖斗\dungeonrpg\manageddxlgame\x64\release\tnl_quaternion.obj
c:\users\vantan\desktop\c++ 2月課題 比氣 聖斗\dungeonrpg\manageddxlgame\x64\release\tnl_matrix.obj
c:\users\vantan\desktop\c++ 2月課題 比氣 聖斗\dungeonrpg\manageddxlgame\x64\release\tnl_math.obj
c:\users\vantan\desktop\c++ 2月課題 比氣 聖斗\dungeonrpg\manageddxlgame\x64\release\tnl_intersect.obj
c:\users\vantan\desktop\c++ 2月課題 比氣 聖斗\dungeonrpg\manageddxlgame\x64\release\tnl_instance.obj
c:\users\vantan\desktop\c++ 2月課題 比氣 聖斗\dungeonrpg\manageddxlgame\x64\release\tnl_input.obj
c:\users\vantan\desktop\c++ 2月課題 比氣 聖斗\dungeonrpg\manageddxlgame\x64\release\tnl_inclution_owner_locked.obj
c:\users\vantan\desktop\c++ 2月課題 比氣 聖斗\dungeonrpg\manageddxlgame\x64\release\tnl_font_texture.obj
c:\users\vantan\desktop\c++ 2月課題 比氣 聖斗\dungeonrpg\manageddxlgame\x64\release\json11.obj
c:\users\vantan\desktop\c++ 2月課題 比氣 聖斗\dungeonrpg\manageddxlgame\x64\release\menuwindow.obj
c:\users\vantan\desktop\c++ 2月課題 比氣 聖斗\dungeonrpg\x64\release\manageddxlgame.exe
c:\users\vantan\desktop\c++ 2月課題 比氣 聖斗\dungeonrpg\x64\release\manageddxlgame.pdb
c:\users\vantan\desktop\c++ 2月課題 比氣 聖斗\dungeonrpg\manageddxlgame\x64\release\manageddxlgame.res
c:\users\vantan\desktop\c++ 2月課題 比氣 聖斗\dungeonrpg\manageddxlgame\x64\release\manageddxlgame.ipdb
c:\users\vantan\desktop\c++ 2月課題 比氣 聖斗\dungeonrpg\manageddxlgame\x64\release\manageddxlgame.iobj
c:\users\vantan\desktop\c++ 2月課題 比氣 聖斗\dungeonrpg\manageddxlgame\x64\release\manageddxlgame.tlog\cl.command.1.tlog
c:\users\vantan\desktop\c++ 2月課題 比氣 聖斗\dungeonrpg\manageddxlgame\x64\release\manageddxlgame.tlog\cl.items.tlog
c:\users\vantan\desktop\c++ 2月課題 比氣 聖斗\dungeonrpg\manageddxlgame\x64\release\manageddxlgame.tlog\cl.read.1.tlog
c:\users\vantan\desktop\c++ 2月課題 比氣 聖斗\dungeonrpg\manageddxlgame\x64\release\manageddxlgame.tlog\cl.write.1.tlog
c:\users\vantan\desktop\c++ 2月課題 比氣 聖斗\dungeonrpg\manageddxlgame\x64\release\manageddxlgame.tlog\link.command.1.tlog
c:\users\vantan\desktop\c++ 2月課題 比氣 聖斗\dungeonrpg\manageddxlgame\x64\release\manageddxlgame.tlog\link.read.1.tlog
c:\users\vantan\desktop\c++ 2月課題 比氣 聖斗\dungeonrpg\manageddxlgame\x64\release\manageddxlgame.tlog\link.secondary.1.tlog
c:\users\vantan\desktop\c++ 2月課題 比氣 聖斗\dungeonrpg\manageddxlgame\x64\release\manageddxlgame.tlog\link.write.1.tlog
c:\users\vantan\desktop\c++ 2月課題 比氣 聖斗\dungeonrpg\manageddxlgame\x64\release\manageddxlgame.tlog\rc.command.1.tlog
c:\users\vantan\desktop\c++ 2月課題 比氣 聖斗\dungeonrpg\manageddxlgame\x64\release\manageddxlgame.tlog\rc.read.1.tlog
c:\users\vantan\desktop\c++ 2月課題 比氣 聖斗\dungeonrpg\manageddxlgame\x64\release\manageddxlgame.tlog\rc.write.1.tlog
